d:\1李永健\大学\作业\大一下作业\c++\雷课堂\thunderclass\thunderclass\x64\debug\main.obj
d:\1李永健\大学\作业\大一下作业\c++\雷课堂\thunderclass\thunderclass\x64\debug\userdata.obj
d:\1李永健\大学\作业\大一下作业\c++\雷课堂\thunderclass\thunderclass\x64\debug\login.obj
d:\1李永健\大学\作业\大一下作业\c++\雷课堂\thunderclass\thunderclass\x64\debug\moc_adminwindow.obj
d:\1李永健\大学\作业\大一下作业\c++\雷课堂\thunderclass\thunderclass\x64\debug\qrc_adminwindow.obj
d:\1李永健\大学\作业\大一下作业\c++\雷课堂\thunderclass\thunderclass\x64\debug\teacherwindow.obj
d:\1李永健\大学\作业\大一下作业\c++\雷课堂\thunderclass\thunderclass\x64\debug\loginwindow.obj
d:\1李永健\大学\作业\大一下作业\c++\雷课堂\thunderclass\thunderclass\x64\debug\studentwindow.obj
d:\1李永健\大学\作业\大一下作业\c++\雷课堂\thunderclass\thunderclass\x64\debug\userdatabase.obj
d:\1李永健\大学\作业\大一下作业\c++\雷课堂\thunderclass\thunderclass\x64\debug\moc_loginwindow.obj
d:\1李永健\大学\作业\大一下作业\c++\雷课堂\thunderclass\thunderclass\x64\debug\moc_teacherwindow.obj
d:\1李永健\大学\作业\大一下作业\c++\雷课堂\thunderclass\thunderclass\x64\debug\moc_studentwindow.obj
d:\1李永健\大学\作业\大一下作业\c++\雷课堂\thunderclass\thunderclass\x64\debug\adminwindow.obj
d:\1李永健\大学\作业\大一下作业\c++\雷课堂\thunderclass\thunderclass\x64\debug\vc141.pdb
d:\1李永健\大学\作业\大一下作业\c++\雷课堂\thunderclass\thunderclass\x64\debug\adminuser.obj
d:\1李永健\大学\作业\大一下作业\c++\雷课堂\thunderclass\thunderclass\x64\debug\mydata.obj
d:\1李永健\大学\作业\大一下作业\c++\雷课堂\thunderclass\thunderclass\x64\debug\usermanagement.obj
d:\1李永健\大学\作业\大一下作业\c++\雷课堂\thunderclass\thunderclass\x64\debug\moc_adminuser.obj
d:\1李永健\大学\作业\大一下作业\c++\雷课堂\thunderclass\thunderclass\x64\debug\moc_changeuser.obj
d:\1李永健\大学\作业\大一下作业\c++\雷课堂\thunderclass\thunderclass\x64\debug\moc_adduser.obj
d:\1李永健\大学\作业\大一下作业\c++\雷课堂\thunderclass\thunderclass\x64\debug\adduser.obj
d:\1李永健\大学\作业\大一下作业\c++\雷课堂\thunderclass\thunderclass\x64\debug\changeuser.obj
d:\1李永健\大学\作业\大一下作业\c++\雷课堂\thunderclass\thunderclass\x64\debug\image.obj
d:\1李永健\大学\作业\大一下作业\c++\雷课堂\thunderclass\thunderclass\x64\debug\audio.obj
d:\1李永健\大学\作业\大一下作业\c++\雷课堂\thunderclass\thunderclass\x64\debug\pixel.obj
d:\1李永健\大学\作业\大一下作业\c++\雷课堂\thunderclass\thunderclass\x64\debug\user.obj
d:\1李永健\大学\作业\大一下作业\c++\雷课堂\thunderclass\thunderclass\x64\debug\admin.obj
d:\1李永健\大学\作业\大一下作业\c++\雷课堂\thunderclass\thunderclass\x64\debug\student.obj
d:\1李永健\大学\作业\大一下作业\c++\雷课堂\thunderclass\thunderclass\x64\debug\teacher.obj
d:\1李永健\大学\作业\大一下作业\c++\雷课堂\thunderclass\thunderclass\x64\debug\adminprocess.obj
d:\1李永健\大学\作业\大一下作业\c++\雷课堂\thunderclass\thunderclass\x64\debug\studentwindwo.obj
d:\1李永健\大学\作业\大一下作业\c++\雷课堂\thunderclass\thunderclass\x64\debug\moc_adminprocess.obj
d:\1李永健\大学\作业\大一下作业\c++\雷课堂\thunderclass\thunderclass\x64\debug\moc_studentwindwo.obj
d:\1李永健\大学\作业\大一下作业\c++\雷课堂\thunderclass\x64\debug\thunderclass.exe
d:\1李永健\大学\作业\大一下作业\c++\雷课堂\thunderclass\x64\debug\thunderclass.ilk
d:\1李永健\大学\作业\大一下作业\c++\雷课堂\thunderclass\x64\debug\thunderclass.pdb
d:\1李永健\大学\作业\大一下作业\c++\雷课堂\thunderclass\thunderclass\x64\debug\\moc\moc_adduser.cpp
d:\1李永健\大学\作业\大一下作业\c++\雷课堂\thunderclass\thunderclass\x64\debug\\moc\moc_changeuser.cpp
d:\1李永健\大学\作业\大一下作业\c++\雷课堂\thunderclass\thunderclass\x64\debug\\moc\moc_studentwindow.cpp
d:\1李永健\大学\作业\大一下作业\c++\雷课堂\thunderclass\thunderclass\x64\debug\\moc\moc_teacherwindow.cpp
d:\1李永健\大学\作业\大一下作业\c++\雷课堂\thunderclass\thunderclass\x64\debug\\moc\moc_adminwindow.cpp
d:\1李永健\大学\作业\大一下作业\c++\雷课堂\thunderclass\thunderclass\x64\debug\\moc\moc_adminprocess.cpp
d:\1李永健\大学\作业\大一下作业\c++\雷课堂\thunderclass\thunderclass\x64\debug\\moc\moc_loginwindow.cpp
d:\1李永健\大学\作业\大一下作业\c++\雷课堂\thunderclass\thunderclass\x64\debug\uic\ui_adminwindow.h
d:\1李永健\大学\作业\大一下作业\c++\雷课堂\thunderclass\thunderclass\x64\debug\rcc\qrc_adminwindow.cpp
d:\1李永健\大学\作业\大一下作业\c++\雷课堂\thunderclass\thunderclass\x64\debug\moc\moc_adminwindow.cpp
d:\1李永健\大学\作业\大一下作业\c++\雷课堂\thunderclass\thunderclass\x64\debug\uic\ui_loginwindow.h
d:\1李永健\大学\作业\大一下作业\c++\雷课堂\thunderclass\thunderclass\x64\debug\uic\ui_studentwindow.h
d:\1李永健\大学\作业\大一下作业\c++\雷课堂\thunderclass\thunderclass\x64\debug\uic\ui_teacherwindow.h
d:\1李永健\大学\作业\大一下作业\c++\雷课堂\thunderclass\thunderclass\x64\debug\moc\moc_studentwindow.cpp
d:\1李永健\大学\作业\大一下作业\c++\雷课堂\thunderclass\thunderclass\x64\debug\moc\moc_teacherwindow.cpp
d:\1李永健\大学\作业\大一下作业\c++\雷课堂\thunderclass\thunderclass\x64\debug\moc\moc_loginwindow.cpp
d:\1李永健\大学\作业\大一下作业\c++\雷课堂\thunderclass\thunderclass\x64\debug\moc\moc_adminuser.cpp
d:\1李永健\大学\作业\大一下作业\c++\雷课堂\thunderclass\thunderclass\x64\debug\uic\ui_adduser.h
d:\1李永健\大学\作业\大一下作业\c++\雷课堂\thunderclass\thunderclass\x64\debug\uic\ui_changeuser.h
d:\1李永健\大学\作业\大一下作业\c++\雷课堂\thunderclass\thunderclass\x64\debug\moc\moc_adduser.cpp
d:\1李永健\大学\作业\大一下作业\c++\雷课堂\thunderclass\thunderclass\x64\debug\moc\moc_changeuser.cpp
d:\1李永健\大学\作业\大一下作业\c++\雷课堂\thunderclass\thunderclass\x64\debug\moc\moc_loginform.cpp
d:\1李永健\大学\作业\大一下作业\c++\雷课堂\thunderclass\thunderclass\x64\debug\moc\moc_studentprocess.cpp
d:\1李永健\大学\作业\大一下作业\c++\雷课堂\thunderclass\thunderclass\x64\debug\moc\moc_teacherprocess.cpp
d:\1李永健\大学\作业\大一下作业\c++\雷课堂\thunderclass\thunderclass\x64\debug\moc\moc_adminprocess.cpp
d:\1李永健\大学\作业\大一下作业\c++\雷课堂\thunderclass\thunderclass\x64\debug\uic\ui_studentwindwo.h
d:\1李永健\大学\作业\大一下作业\c++\雷课堂\thunderclass\thunderclass\x64\debug\moc\moc_studentwindwo.cpp
d:\1李永健\大学\作业\大一下作业\c++\雷课堂\thunderclass\thunderclass\x64\debug\\uic\ui_adduser.h
d:\1李永健\大学\作业\大一下作业\c++\雷课堂\thunderclass\thunderclass\x64\debug\\uic\ui_adminwindow.h
d:\1李永健\大学\作业\大一下作业\c++\雷课堂\thunderclass\thunderclass\x64\debug\\uic\ui_changeuser.h
d:\1李永健\大学\作业\大一下作业\c++\雷课堂\thunderclass\thunderclass\x64\debug\\uic\ui_loginwindow.h
d:\1李永健\大学\作业\大一下作业\c++\雷课堂\thunderclass\thunderclass\x64\debug\\uic\ui_studentwindow.h
d:\1李永健\大学\作业\大一下作业\c++\雷课堂\thunderclass\thunderclass\x64\debug\\uic\ui_teacherwindow.h
d:\1李永健\大学\作业\大一下作业\c++\雷课堂\thunderclass\thunderclass\x64\debug\thunderclass.tlog\cl.command.1.tlog
d:\1李永健\大学\作业\大一下作业\c++\雷课堂\thunderclass\thunderclass\x64\debug\thunderclass.tlog\cl.read.1.tlog
d:\1李永健\大学\作业\大一下作业\c++\雷课堂\thunderclass\thunderclass\x64\debug\thunderclass.tlog\cl.write.1.tlog
d:\1李永健\大学\作业\大一下作业\c++\雷课堂\thunderclass\thunderclass\x64\debug\thunderclass.tlog\link.command.1.tlog
d:\1李永健\大学\作业\大一下作业\c++\雷课堂\thunderclass\thunderclass\x64\debug\thunderclass.tlog\link.read.1.tlog
d:\1李永健\大学\作业\大一下作业\c++\雷课堂\thunderclass\thunderclass\x64\debug\thunderclass.tlog\link.write.1.tlog
d:\1李永健\大学\作业\大一下作业\c++\雷课堂\thunderclass\thunderclass\x64\debug\thunderclass.tlog\moc.read.1u.tlog
d:\1李永健\大学\作业\大一下作业\c++\雷课堂\thunderclass\thunderclass\x64\debug\thunderclass.tlog\moc.write.1u.tlog
d:\1李永健\大学\作业\大一下作业\c++\雷课堂\thunderclass\thunderclass\x64\debug\thunderclass.tlog\rc.command.1.tlog
d:\1李永健\大学\作业\大一下作业\c++\雷课堂\thunderclass\thunderclass\x64\debug\thunderclass.tlog\rc.read.1.tlog
d:\1李永健\大学\作业\大一下作业\c++\雷课堂\thunderclass\thunderclass\x64\debug\thunderclass.tlog\rc.write.1.tlog
d:\1李永健\大学\作业\大一下作业\c++\雷课堂\thunderclass\thunderclass\x64\debug\thunderclass.tlog\rcc.read.1u.tlog
d:\1李永健\大学\作业\大一下作业\c++\雷课堂\thunderclass\thunderclass\x64\debug\thunderclass.tlog\rcc.write.1u.tlog
d:\1李永健\大学\作业\大一下作业\c++\雷课堂\thunderclass\thunderclass\x64\debug\thunderclass.tlog\thunderclass.write.1u.tlog
d:\1李永健\大学\作业\大一下作业\c++\雷课堂\thunderclass\thunderclass\x64\debug\thunderclass.tlog\uic.read.1u.tlog
d:\1李永健\大学\作业\大一下作业\c++\雷课堂\thunderclass\thunderclass\x64\debug\thunderclass.tlog\uic.write.1u.tlog
